2024-03-14 00:26:39.467 DEBUG pages.BasePage - Entering Textbox at location: 
2024-03-14 00:27:59.453 DEBUG pages.BasePage - Entering Textbox at location: (476, 208)
2024-03-14 00:28:26.726 DEBUG pages.BasePage - Entering Textbox at location: (476, 208)
2024-03-14 00:29:20.834 DEBUG pages.BasePage - Entering Textbox at location: [[ChromeDriver: chrome on MAC (b270a41fb8f9e1c94e562b814c1f3369)] -> xpath: //textArea[@title='Search']]
2024-03-14 12:55:59.512 DEBUG pages.BasePage - Entering Textbox at location: [[ChromeDriver: chrome on MAC (3e329c2bfbd83aa8312956863fcae3ea)] -> xpath: //textArea[@title='Search']]
2024-03-14 12:56:57.510 DEBUG pages.BasePage - Entering Textbox at location: (476, 210)
2024-03-14 13:48:09.045 DEBUG pages.BasePage - Entering Textbox at location: (476, 213)
2024-03-14 13:51:39.415 DEBUG pages.BasePage - Entering Textbox at location: (476, 213)
2024-03-14 14:34:48.475 DEBUG com.pages.google.BasePage - Entering Textbox at location: (476, 210)
2024-03-14 14:53:54.327 DEBUG com.pages.amazon.BasePage - Entering Textbox at location: (390, 11)
2024-03-14 14:53:54.576 DEBUG com.pages.amazon.BasePage - Clicking on button at location: (989, 10)
2024-03-14 14:54:38.176 DEBUG com.pages.amazon.BasePage - Entering Textbox at location: (390, 11)
2024-03-14 14:54:38.343 DEBUG com.pages.amazon.BasePage - Clicking on button at location: (989, 10)
2024-03-14 15:05:09.313 DEBUG com.pages.amazon.BasePage - Entering Textbox at location: (390, 11)
2024-03-14 15:05:09.505 DEBUG com.pages.amazon.BasePage - Clicking on button at location: (989, 11)
2024-03-14 15:30:04.040 DEBUG com.pages.amazon.BasePage - Entering Textbox at location: (390, 11)
2024-03-14 15:30:04.223 DEBUG com.pages.amazon.BasePage - Clicking on button at location: (989, 10)
2024-03-14 15:46:28.625 DEBUG com.pages.amazon.BasePage - Entering Textbox at location: (390, 11)
2024-03-14 15:46:28.809 DEBUG com.pages.amazon.BasePage - Clicking on button at location: (989, 10)
2024-03-14 15:46:30.340 DEBUG com.pages.amazon.BasePage - Getting Text value from: (162, 110)
2024-03-14 15:49:32.685 DEBUG com.pages.amazon.BasePage - Entering Textbox at location: (390, 11)
2024-03-14 15:49:32.868 DEBUG com.pages.amazon.BasePage - Clicking on button at location: (989, 10)
2024-03-14 15:49:34.225 DEBUG com.pages.amazon.BasePage - Getting Text value from: (162, 110)
2024-03-14 15:50:04.012 DEBUG com.pages.amazon.BasePage - Entering Textbox at location: (390, 11)
2024-03-14 15:50:04.179 DEBUG com.pages.amazon.BasePage - Clicking on button at location: (989, 10)
2024-03-14 15:50:06.680 DEBUG com.pages.amazon.BasePage - Getting Text value from: (162, 110)
2024-03-14 16:31:01.194 INFO  reports.Reporter - TestCase:- verifyHomePage Started
2024-03-14 16:31:01.233 INFO  reports.Reporter - Searching Product: iPhone 13
2024-03-14 16:31:01.274 DEBUG com.pages.amazon.BasePage - Entering Textbox at location: (390, 11)
2024-03-14 16:31:01.436 DEBUG com.pages.amazon.BasePage - Clicking on button at location: (989, 10)
2024-03-14 16:31:03.005 DEBUG com.pages.amazon.BasePage - Getting Text value from: (162, 110)
2024-03-14 16:31:03.029 INFO  reports.Reporter - Products searched on Home page
2024-03-14 16:33:00.749 INFO  reports.Reporter - TestCase:- verifyHomePage Started
2024-03-14 16:33:00.793 INFO  reports.Reporter - Searching Product: iPhone 13
2024-03-14 16:33:01.599 DEBUG com.pages.amazon.BasePage - Entering Textbox at location: (390, 11)
2024-03-14 16:33:01.769 DEBUG com.pages.amazon.BasePage - Clicking on button at location: (989, 10)
2024-03-14 16:33:04.142 DEBUG com.pages.amazon.BasePage - Getting Text value from: (162, 110)
2024-03-14 16:33:04.167 INFO  reports.Reporter - Products searched on Home page
2024-03-14 16:33:04.168 INFO  reports.Reporter - Test Complete:- Step Passed 
2024-03-14 16:40:53.544 INFO  reports.Reporter - TestCase:- verifyHomePage Started
2024-03-14 16:40:53.579 INFO  reports.Reporter - Searching Product: iPhone 13
2024-03-14 16:40:56.933 DEBUG com.pages.amazon.BasePage - Entering Textbox at location: (390, 11)
2024-03-14 16:40:57.121 DEBUG com.pages.amazon.BasePage - Clicking on button at location: (989, 10)
2024-03-14 16:40:58.518 DEBUG com.pages.amazon.BasePage - Getting Text value from: (162, 110)
2024-03-14 16:40:58.543 INFO  reports.Reporter - Products searched on Home page
2024-03-14 16:40:58.544 INFO  reports.Reporter - Test Complete:- Step Passed 
2024-03-14 16:57:07.715 INFO  reports.Reporter - TestCase:- verifyHomePage Started
2024-03-14 16:57:07.756 INFO  reports.Reporter - Searching Product: iPhone 13
2024-03-14 16:57:07.797 DEBUG com.pages.amazon.BasePage - Entering Textbox at location: (390, 11)
2024-03-14 16:57:07.966 DEBUG com.pages.amazon.BasePage - Clicking on button at location: (989, 10)
2024-03-14 16:57:10.421 DEBUG com.pages.amazon.BasePage - Getting Text value from: (162, 110)
2024-03-14 16:57:10.448 INFO  reports.Reporter - Products searched on Home page
2024-03-14 16:57:10.448 INFO  reports.Reporter - Test Complete:- Step Passed 
